<?xml version="1.0" encoding="UTF-8"?>
<!-- Generated by org.testng.reporters.JUnitReportReporter -->
<testsuite skipped="0" hostname="SFSIND0510" name="org.qa.testscripts.CrossBrowserTest" tests="1" failures="0" timestamp="16 Oct 2018 07:49:04 GMT" time="31.207" errors="0">
  <testcase name="execute" time="31.207" classname="org.qa.testscripts.CrossBrowserTest"/>
</testsuite> <!-- org.qa.testscripts.CrossBrowserTest -->
